<?xml version="1.0" encoding="UTF-8"?>
<!-- Generated by org.testng.reporters.JUnitXMLReporter -->
<testsuite hostname="Veenas-MacBook-Pro-2.local" ignored="0" name="Default test" tests="3" failures="0" timestamp="31 Mar 2018 21:11:02 GMT" time="0.029" errors="0">
  <testcase name="@BeforeMethod initialise" time="0.0" classname="base.Base">
    <failure type="org.testng.TestNGException" message="
Parameter &amp;apos;browser&amp;apos; is required by BeforeMethod on method initialise but has not been marked @Optional or defined
in /private/var/folders/9h/jj9r0psj7456jtmf5bm7xsqc0000gn/T/testng-eclipse-1973449736/testng-customsuite.xml">
      <![CDATA[org.testng.TestNGException: 
Parameter 'browser' is required by BeforeMethod on method initialise but has not been marked @Optional or defined
in /private/var/folders/9h/jj9r0psj7456jtmf5bm7xsqc0000gn/T/testng-eclipse-1973449736/testng-customsuite.xml
at org.testng.internal.Parameters.createParams(Parameters.java:290)
at org.testng.internal.Parameters.createParametersForMethod(Parameters.java:359)
at org.testng.internal.Parameters.createParameters(Parameters.java:620)
at org.testng.internal.Parameters.createConfigurationParameters(Parameters.java:190)
at org.testng.internal.Invoker.invokeConfigurations(Invoker.java:209)
at org.testng.internal.Invoker.invokeMethod(Invoker.java:520)
at org.testng.internal.Invoker.invokeTestMethod(Invoker.java:716)
at org.testng.internal.Invoker.invokeTestMethods(Invoker.java:988)
at org.testng.internal.TestMethodWorker.invokeTestMethods(TestMethodWorker.java:125)
at org.testng.internal.TestMethodWorker.run(TestMethodWorker.java:109)
at org.testng.TestRunner.privateRun(TestRunner.java:648)
at org.testng.TestRunner.run(TestRunner.java:505)
at org.testng.SuiteRunner.runTest(SuiteRunner.java:455)
at org.testng.SuiteRunner.runSequentially(SuiteRunner.java:450)
at org.testng.SuiteRunner.privateRun(SuiteRunner.java:415)
at org.testng.SuiteRunner.run(SuiteRunner.java:364)
at org.testng.SuiteRunnerWorker.runSuite(SuiteRunnerWorker.java:52)
at org.testng.SuiteRunnerWorker.run(SuiteRunnerWorker.java:84)
at org.testng.TestNG.runSuitesSequentially(TestNG.java:1208)
at org.testng.TestNG.runSuitesLocally(TestNG.java:1137)
at org.testng.TestNG.runSuites(TestNG.java:1049)
at org.testng.TestNG.run(TestNG.java:1017)
at org.testng.remote.AbstractRemoteTestNG.run(AbstractRemoteTestNG.java:114)
at org.testng.remote.RemoteTestNG.initAndRun(RemoteTestNG.java:251)
at org.testng.remote.RemoteTestNG.main(RemoteTestNG.java:77)
]]>
    </failure>
  </testcase> <!-- @BeforeMethod initialise -->
  <testcase name="@AfterMethod getResult" time="0.0" classname="base.Base">
    <skipped/>
  </testcase> <!-- @AfterMethod getResult -->
  <testcase name="@AfterMethod tearDown" time="0.0" classname="base.Base">
    <skipped/>
  </testcase> <!-- @AfterMethod tearDown -->
  <testcase name="@BeforeMethod initialise" time="0.0" classname="base.Base">
    <skipped/>
  </testcase> <!-- @BeforeMethod initialise -->
  <testcase name="@AfterMethod getResult" time="0.0" classname="base.Base">
    <skipped/>
  </testcase> <!-- @AfterMethod getResult -->
  <testcase name="@AfterMethod tearDown" time="0.0" classname="base.Base">
    <skipped/>
  </testcase> <!-- @AfterMethod tearDown -->
  <testcase name="@BeforeMethod initialise" time="0.0" classname="base.Base">
    <skipped/>
  </testcase> <!-- @BeforeMethod initialise -->
  <testcase name="@AfterMethod getResult" time="0.0" classname="base.Base">
    <skipped/>
  </testcase> <!-- @AfterMethod getResult -->
  <testcase name="@AfterMethod tearDown" time="0.0" classname="base.Base">
    <skipped/>
  </testcase> <!-- @AfterMethod tearDown -->
  <testcase name="successfulLogOn" time="0.0" classname="tests.LogOnTest">
    <skipped/>
  </testcase> <!-- successfulLogOn -->
  <testcase name="invalidUserName" time="0.0" classname="tests.LogOnTest">
    <skipped/>
  </testcase> <!-- invalidUserName -->
  <testcase name="invalidPassword" time="0.0" classname="tests.LogOnTest">
    <skipped/>
  </testcase> <!-- invalidPassword -->
</testsuite> <!-- Default test -->
